#! /usr/share/iverilog-0.9.7/bin/vvp
:ivl_version "0.9.7 " "(v0_9_6)";
:vpi_time_precision + 0;
:vpi_module "system";
:vpi_module "v2005_math";
:vpi_module "va_math";
S_0x15a0220 .scope module, "tb_CPU" "tb_CPU" 2 8;
 .timescale 0 0;
v0x15bdb70_0 .var "clk", 0 0;
v0x15bdbf0_0 .var "rst", 0 0;
S_0x15a0310 .scope module, "U0" "CPU" 2 12, 3 3, S_0x15a0220;
 .timescale 0 0;
v0x15a0400_0 .var "alu_operand0", 15 0;
v0x15bc8f0_0 .var "alu_operand1", 15 0;
v0x15bc990_0 .var "alu_overflow", 0 0;
v0x15bca30_0 .var "alu_result", 15 0;
v0x15bcae0_0 .var "alu_zero", 0 0;
v0x15bcb80_0 .net "clk", 0 0, v0x15bdb70_0; 1 drivers
v0x15bcc60_0 .var "cs_alu", 3 0;
v0x15bcd00_0 .var "cs_alu_select", 0 0;
v0x15bcdf0_0 .var "cs_read_data_memory", 0 0;
v0x15bce90_0 .var "cs_write_data_memory", 0 0;
v0x15bcf90_0 .var "cs_write_reg", 0 0;
v0x15bd030_0 .var "data_address", 15 0;
v0x15bd140 .array "data_memory", 0 10, 15 0;
v0x15bd1c0_0 .var/i "i", 31 0;
v0x15bd2e0_0 .var "immediate", 15 0;
v0x15bd380_0 .var "instruction", 15 0;
v0x15bd240 .array "instruction_memory", 0 10, 15 0;
v0x15bd4b0_0 .var "opcode", 2 0;
v0x15bd5d0_0 .var "pc", 15 0;
v0x15bd650_0 .var "pc_control", 3 0;
v0x15bd530_0 .var "reg_address_A", 2 0;
v0x15bd780_0 .var "reg_address_B", 2 0;
v0x15bd6d0_0 .var "reg_address_C", 2 0;
v0x15bd8c0_0 .var "reg_data_B", 15 0;
v0x15bd820_0 .var "reg_data_C", 15 0;
v0x15bda10 .array "registers", 0 7, 15 0;
v0x15bd940_0 .net "rst", 0 0, v0x15bdbf0_0; 1 drivers
E_0x1587f90 .event posedge, v0x15bcb80_0;
E_0x1588390 .event posedge, v0x15bd940_0, v0x15bcb80_0;
    .scope S_0x15a0310;
T_0 ;
    %vpi_call 3 51 "$readmemb", "p2inst.mips", v0x15bd240;
    %vpi_call 3 54 "$display", "\012Print Registers:";
    %set/v v0x15bd1c0_0, 0, 32;
T_0.0 ;
    %load/v 8, v0x15bd1c0_0, 32;
   %cmpi/s 8, 8, 32;
    %jmp/0xz T_0.1, 5;
    %ix/getv/s 3, v0x15bd1c0_0;
   %jmp/1 t_0, 4;
   %ix/load 1, 0, 0;
   %set/av v0x15bda10, 0, 16;
t_0 ;
    %vpi_call 3 58 "$display", "R%d = %d", v0x15bd1c0_0, &A<v0x15bda10, v0x15bd1c0_0 >;
    %ix/load 0, 1, 0;
    %load/vp0/s 8, v0x15bd1c0_0, 32;
    %set/v v0x15bd1c0_0, 8, 32;
    %jmp T_0.0;
T_0.1 ;
    %end;
    .thread T_0;
    .scope S_0x15a0310;
T_1 ;
    %wait E_0x1588390;
    %load/v 8, v0x15bd940_0, 1;
    %jmp/0xz  T_1.0, 8;
    %set/v v0x15bd5d0_0, 0, 16;
T_1.0 ;
    %jmp T_1;
    .thread T_1;
    .scope S_0x15a0310;
T_2 ;
    %wait E_0x1587f90;
    %vpi_call 3 72 "$display", "\012PC = %b", v0x15bd5d0_0;
    %ix/getv 3, v0x15bd5d0_0;
    %load/av 8, v0x15bd240, 16;
    %set/v v0x15bd380_0, 8, 16;
    %vpi_call 3 76 "$display", "IF = %b", v0x15bd380_0;
    %set/v v0x15bcf90_0, 0, 1;
    %set/v v0x15bcc60_0, 0, 4;
    %set/v v0x15bcd00_0, 0, 1;
    %set/v v0x15bce90_0, 0, 1;
    %set/v v0x15bcdf0_0, 0, 1;
    %ix/load 1, 13, 0;
    %mov 4, 0, 1;
    %jmp/1 T_2.0, 4;
    %load/x1p 8, v0x15bd380_0, 3;
    %jmp T_2.1;
T_2.0 ;
    %mov 8, 2, 3;
T_2.1 ;
; Save base=8 wid=3 in lookaside.
    %cassign/v v0x15bd4b0_0, 8, 3;
    %vpi_call 3 87 "$display", "Opcode =  %b", v0x15bd4b0_0;
    %load/v 11, v0x15bd4b0_0, 3;
    %cmpi/u 11, 0, 3;
    %jmp/0xz  T_2.2, 4;
    %vpi_call 3 96 "$display", "Instruction = ADD : %b", &PV<v0x15bd380_0, 0, 7>;
    %ix/load 1, 10, 0;
    %mov 4, 0, 1;
    %jmp/1 T_2.4, 4;
    %load/x1p 11, v0x15bd380_0, 3;
    %jmp T_2.5;
T_2.4 ;
    %mov 11, 2, 3;
T_2.5 ;
; Save base=11 wid=3 in lookaside.
    %set/v v0x15bd530_0, 11, 3;
    %set/v v0x15bcf90_0, 1, 1;
    %set/v v0x15bcc60_0, 0, 4;
    %set/v v0x15bcd00_0, 0, 1;
T_2.2 ;
    %load/v 11, v0x15bd4b0_0, 3;
    %cmpi/u 11, 1, 3;
    %jmp/0xz  T_2.6, 4;
    %vpi_call 3 106 "$display", "Instruction = ADDI : %b", &PV<v0x15bd380_0, 0, 7>;
    %ix/load 1, 10, 0;
    %mov 4, 0, 1;
    %jmp/1 T_2.8, 4;
    %load/x1p 11, v0x15bd380_0, 3;
    %jmp T_2.9;
T_2.8 ;
    %mov 11, 2, 3;
T_2.9 ;
; Save base=11 wid=3 in lookaside.
    %set/v v0x15bd530_0, 11, 3;
    %set/v v0x15bcf90_0, 1, 1;
    %movi 11, 1, 4;
    %set/v v0x15bcc60_0, 11, 4;
    %set/v v0x15bcd00_0, 1, 1;
T_2.6 ;
    %load/v 11, v0x15bd4b0_0, 3;
    %cmpi/u 11, 2, 3;
    %jmp/0xz  T_2.10, 4;
    %vpi_call 3 116 "$display", "Instruction = NAND : %b", &PV<v0x15bd380_0, 0, 7>;
    %ix/load 1, 10, 0;
    %mov 4, 0, 1;
    %jmp/1 T_2.12, 4;
    %load/x1p 11, v0x15bd380_0, 3;
    %jmp T_2.13;
T_2.12 ;
    %mov 11, 2, 3;
T_2.13 ;
; Save base=11 wid=3 in lookaside.
    %set/v v0x15bd530_0, 11, 3;
    %set/v v0x15bcf90_0, 1, 1;
    %movi 11, 2, 4;
    %set/v v0x15bcc60_0, 11, 4;
    %set/v v0x15bcd00_0, 0, 1;
T_2.10 ;
    %load/v 11, v0x15bd4b0_0, 3;
    %cmpi/u 11, 3, 3;
    %jmp/0xz  T_2.14, 4;
    %vpi_call 3 126 "$display", "Instruction = LUI : %b", &PV<v0x15bd380_0, 0, 7>;
    %ix/load 1, 10, 0;
    %mov 4, 0, 1;
    %jmp/1 T_2.16, 4;
    %load/x1p 11, v0x15bd380_0, 3;
    %jmp T_2.17;
T_2.16 ;
    %mov 11, 2, 3;
T_2.17 ;
; Save base=11 wid=3 in lookaside.
    %set/v v0x15bd530_0, 11, 3;
    %set/v v0x15bcf90_0, 1, 1;
    %movi 11, 3, 4;
    %set/v v0x15bcc60_0, 11, 4;
    %set/v v0x15bcd00_0, 1, 1;
T_2.14 ;
    %load/v 11, v0x15bd4b0_0, 3;
    %cmpi/u 11, 4, 3;
    %jmp/0xz  T_2.18, 4;
    %vpi_call 3 136 "$display", "Instruction = SW : %b", &PV<v0x15bd380_0, 0, 7>;
    %ix/load 1, 10, 0;
    %mov 4, 0, 1;
    %jmp/1 T_2.20, 4;
    %load/x1p 11, v0x15bd380_0, 3;
    %jmp T_2.21;
T_2.20 ;
    %mov 11, 2, 3;
T_2.21 ;
; Save base=11 wid=3 in lookaside.
    %set/v v0x15bd530_0, 11, 3;
    %set/v v0x15bcf90_0, 0, 1;
    %set/v v0x15bce90_0, 1, 1;
    %movi 11, 4, 4;
    %set/v v0x15bcc60_0, 11, 4;
    %set/v v0x15bcd00_0, 1, 1;
T_2.18 ;
    %load/v 11, v0x15bd4b0_0, 3;
    %cmpi/u 11, 5, 3;
    %jmp/0xz  T_2.22, 4;
    %vpi_call 3 147 "$display", "Instruction = LW : %b", &PV<v0x15bd380_0, 0, 7>;
    %ix/load 1, 10, 0;
    %mov 4, 0, 1;
    %jmp/1 T_2.24, 4;
    %load/x1p 11, v0x15bd380_0, 3;
    %jmp T_2.25;
T_2.24 ;
    %mov 11, 2, 3;
T_2.25 ;
; Save base=11 wid=3 in lookaside.
    %set/v v0x15bd530_0, 11, 3;
    %set/v v0x15bcf90_0, 0, 1;
    %set/v v0x15bcdf0_0, 1, 1;
    %movi 11, 5, 4;
    %set/v v0x15bcc60_0, 11, 4;
    %set/v v0x15bcd00_0, 1, 1;
T_2.22 ;
    %ix/load 1, 7, 0;
    %mov 4, 0, 1;
    %jmp/1 T_2.26, 4;
    %load/x1p 11, v0x15bd380_0, 3;
    %jmp T_2.27;
T_2.26 ;
    %mov 11, 2, 3;
T_2.27 ;
; Save base=11 wid=3 in lookaside.
    %set/v v0x15bd780_0, 11, 3;
    %load/v 11, v0x15bd380_0, 3; Only need 3 of 16 bits
; Save base=11 wid=3 in lookaside.
    %set/v v0x15bd6d0_0, 11, 3;
    %ix/getv 3, v0x15bd780_0;
    %load/av 11, v0x15bda10, 16;
    %set/v v0x15bd8c0_0, 11, 16;
    %ix/getv 3, v0x15bd6d0_0;
    %load/av 11, v0x15bda10, 16;
    %set/v v0x15bd820_0, 11, 16;
    %load/v 11, v0x15bd380_0, 7; Select 7 out of 16 bits
    %mov 18, 0, 9;
    %set/v v0x15bd2e0_0, 11, 16;
    %load/v 11, v0x15bd8c0_0, 16;
    %set/v v0x15a0400_0, 11, 16;
    %load/v 11, v0x15bcd00_0, 1;
    %mov 12, 0, 1;
    %cmpi/u 11, 0, 2;
    %mov 11, 4, 1;
    %jmp/0  T_2.28, 11;
    %load/v 12, v0x15bd820_0, 16;
    %jmp/1  T_2.30, 11;
T_2.28 ; End of true expr.
    %load/v 28, v0x15bd2e0_0, 16;
    %jmp/0  T_2.29, 11;
 ; End of false expr.
    %blend  12, 28, 16; Condition unknown.
    %jmp  T_2.30;
T_2.29 ;
    %mov 12, 28, 16; Return false value
T_2.30 ;
    %set/v v0x15bc8f0_0, 12, 16;
    %load/v 11, v0x15bcc60_0, 4;
    %cmpi/u 11, 0, 4;
    %jmp/1 T_2.31, 6;
    %cmpi/u 11, 1, 4;
    %jmp/1 T_2.32, 6;
    %cmpi/u 11, 2, 4;
    %jmp/1 T_2.33, 6;
    %cmpi/u 11, 3, 4;
    %jmp/1 T_2.34, 6;
    %cmpi/u 11, 4, 4;
    %jmp/1 T_2.35, 6;
    %cmpi/u 11, 5, 4;
    %jmp/1 T_2.36, 6;
    %set/v v0x15bcae0_0, 0, 1;
    %set/v v0x15bc990_0, 0, 1;
    %jmp T_2.38;
T_2.31 ;
    %load/v 11, v0x15a0400_0, 16;
    %load/v 27, v0x15bc8f0_0, 16;
    %add 11, 27, 16;
    %set/v v0x15bca30_0, 11, 16;
    %set/v v0x15bc990_0, 0, 1;
    %load/v 11, v0x15bca30_0, 16;
    %mov 27, 0, 1;
    %cmpi/u 11, 0, 17;
    %mov 11, 4, 1;
    %jmp/0  T_2.39, 11;
    %mov 12, 1, 1;
    %jmp/1  T_2.41, 11;
T_2.39 ; End of true expr.
    %jmp/0  T_2.40, 11;
 ; End of false expr.
    %blend  12, 0, 1; Condition unknown.
    %jmp  T_2.41;
T_2.40 ;
    %mov 12, 0, 1; Return false value
T_2.41 ;
    %set/v v0x15bcae0_0, 12, 1;
    %jmp T_2.38;
T_2.32 ;
    %load/v 11, v0x15a0400_0, 16;
    %load/v 27, v0x15bc8f0_0, 16;
    %add 11, 27, 16;
    %set/v v0x15bca30_0, 11, 16;
    %load/v 11, v0x15a0400_0, 16;
    %mov 27, 0, 1;
    %cmp/u 0, 11, 17;
    %or 5, 4, 1;
    %mov 11, 5, 1;
    %load/v 12, v0x15bc8f0_0, 16;
    %mov 28, 0, 1;
    %cmp/u 0, 12, 17;
    %or 5, 4, 1;
    %mov 12, 5, 1;
    %and 11, 12, 1;
    %load/v 12, v0x15bca30_0, 16;
    %mov 28, 0, 1;
   %cmpi/u 12, 0, 17;
    %mov 12, 5, 1;
    %and 11, 12, 1;
    %load/v 12, v0x15a0400_0, 16;
    %mov 28, 0, 1;
   %cmpi/u 12, 0, 17;
    %mov 12, 5, 1;
    %load/v 13, v0x15bc8f0_0, 16;
    %mov 29, 0, 1;
   %cmpi/u 13, 0, 17;
    %mov 13, 5, 1;
    %and 12, 13, 1;
    %load/v 13, v0x15bca30_0, 16;
    %mov 29, 0, 1;
    %cmp/u 0, 13, 17;
    %or 5, 4, 1;
    %mov 13, 5, 1;
    %and 12, 13, 1;
    %or 11, 12, 1;
    %jmp/0xz  T_2.42, 11;
    %set/v v0x15bc990_0, 1, 1;
    %jmp T_2.43;
T_2.42 ;
    %set/v v0x15bc990_0, 0, 1;
T_2.43 ;
    %load/v 11, v0x15bca30_0, 16;
    %mov 27, 0, 1;
    %cmpi/u 11, 0, 17;
    %mov 11, 4, 1;
    %jmp/0  T_2.44, 11;
    %mov 12, 1, 1;
    %jmp/1  T_2.46, 11;
T_2.44 ; End of true expr.
    %jmp/0  T_2.45, 11;
 ; End of false expr.
    %blend  12, 0, 1; Condition unknown.
    %jmp  T_2.46;
T_2.45 ;
    %mov 12, 0, 1; Return false value
T_2.46 ;
    %set/v v0x15bcae0_0, 12, 1;
    %vpi_call 3 193 "$display", "Added %d + %d = %d", v0x15a0400_0, v0x15bc8f0_0, v0x15bca30_0;
    %jmp T_2.38;
T_2.33 ;
    %load/v 11, v0x15a0400_0, 16;
    %load/v 27, v0x15bc8f0_0, 16;
    %and 11, 27, 16;
    %inv 11, 16;
    %set/v v0x15bca30_0, 11, 16;
    %set/v v0x15bc990_0, 0, 1;
    %load/v 11, v0x15bca30_0, 16;
    %mov 27, 0, 1;
    %cmpi/u 11, 0, 17;
    %mov 11, 4, 1;
    %jmp/0  T_2.47, 11;
    %mov 12, 1, 1;
    %jmp/1  T_2.49, 11;
T_2.47 ; End of true expr.
    %jmp/0  T_2.48, 11;
 ; End of false expr.
    %blend  12, 0, 1; Condition unknown.
    %jmp  T_2.49;
T_2.48 ;
    %mov 12, 0, 1; Return false value
T_2.49 ;
    %set/v v0x15bcae0_0, 12, 1;
    %jmp T_2.38;
T_2.34 ;
    %load/v 11, v0x15bd380_0, 10; Select 10 out of 16 bits
    %mov 21, 0, 6;
    %set/v v0x15bd2e0_0, 11, 16;
    %load/v 11, v0x15bd2e0_0, 16;
    %ix/load 0, 6, 0;
    %mov 4, 0, 1;
    %shiftl/i0  11, 16;
    %set/v v0x15bca30_0, 11, 16;
    %set/v v0x15bc990_0, 0, 1;
    %set/v v0x15bcae0_0, 0, 1;
    %jmp T_2.38;
T_2.35 ;
    %load/v 11, v0x15bd380_0, 7; Select 7 out of 16 bits
    %mov 18, 0, 9;
    %set/v v0x15bd2e0_0, 11, 16;
    %load/v 11, v0x15bd8c0_0, 16;
    %load/v 27, v0x15bd2e0_0, 16;
    %add 11, 27, 16;
    %set/v v0x15bd030_0, 11, 16;
    %set/v v0x15bc990_0, 0, 1;
    %set/v v0x15bcae0_0, 0, 1;
    %jmp T_2.38;
T_2.36 ;
    %load/v 11, v0x15bd380_0, 7; Select 7 out of 16 bits
    %mov 18, 0, 9;
    %set/v v0x15bd2e0_0, 11, 16;
    %load/v 11, v0x15bd8c0_0, 16;
    %load/v 27, v0x15bd2e0_0, 16;
    %add 11, 27, 16;
    %set/v v0x15bd030_0, 11, 16;
    %set/v v0x15bc990_0, 0, 1;
    %set/v v0x15bcae0_0, 0, 1;
    %jmp T_2.38;
T_2.38 ;
    %load/v 11, v0x15bce90_0, 1;
    %jmp/0xz  T_2.50, 11;
    %ix/getv 3, v0x15bd530_0;
    %load/av 11, v0x15bda10, 16;
    %ix/getv 3, v0x15bd030_0;
   %jmp/1 t_1, 4;
   %ix/load 1, 0, 0;
   %set/av v0x15bd140, 11, 16;
t_1 ;
T_2.50 ;
    %load/v 11, v0x15bcdf0_0, 1;
    %jmp/0xz  T_2.52, 11;
    %ix/getv 3, v0x15bd030_0;
    %load/av 11, v0x15bd140, 16;
    %ix/getv 3, v0x15bd530_0;
   %jmp/1 t_2, 4;
   %ix/load 1, 0, 0;
   %set/av v0x15bda10, 11, 16;
t_2 ;
    %set/v v0x15bd1c0_0, 0, 32;
T_2.54 ;
    %load/v 11, v0x15bd1c0_0, 32;
   %cmpi/s 11, 8, 32;
    %jmp/0xz T_2.55, 5;
    %vpi_call 3 242 "$display", "R%d = %d", v0x15bd1c0_0, &A<v0x15bda10, v0x15bd1c0_0 >;
    %ix/load 0, 1, 0;
    %load/vp0/s 11, v0x15bd1c0_0, 32;
    %set/v v0x15bd1c0_0, 11, 32;
    %jmp T_2.54;
T_2.55 ;
T_2.52 ;
    %load/v 11, v0x15bcf90_0, 1;
    %mov 12, 0, 2;
    %cmpi/u 11, 1, 3;
    %jmp/0xz  T_2.56, 4;
    %load/v 11, v0x15bca30_0, 16;
    %ix/getv 3, v0x15bd530_0;
   %jmp/1 t_3, 4;
   %ix/load 1, 0, 0;
   %set/av v0x15bda10, 11, 16;
t_3 ;
    %vpi_call 3 249 "$display", "Write R%d = %d", v0x15bd530_0, v0x15bca30_0;
    %vpi_call 3 250 "$display", "\012Print Registers:";
    %set/v v0x15bd1c0_0, 0, 32;
T_2.58 ;
    %load/v 11, v0x15bd1c0_0, 32;
   %cmpi/s 11, 8, 32;
    %jmp/0xz T_2.59, 5;
    %vpi_call 3 252 "$display", "R%d = %d", v0x15bd1c0_0, &A<v0x15bda10, v0x15bd1c0_0 >;
    %ix/load 0, 1, 0;
    %load/vp0/s 11, v0x15bd1c0_0, 32;
    %set/v v0x15bd1c0_0, 11, 32;
    %jmp T_2.58;
T_2.59 ;
T_2.56 ;
    %load/v 11, v0x15bd650_0, 4;
    %cmpi/u 11, 0, 4;
    %jmp/1 T_2.60, 6;
    %load/v 11, v0x15bd5d0_0, 16;
    %mov 27, 0, 16;
    %addi 11, 1, 32;
    %set/v v0x15bd5d0_0, 11, 16;
    %jmp T_2.62;
T_2.60 ;
    %load/v 11, v0x15bd5d0_0, 16;
    %mov 27, 0, 16;
    %addi 11, 1, 32;
    %set/v v0x15bd5d0_0, 11, 16;
    %jmp T_2.62;
T_2.62 ;
    %jmp T_2;
    .thread T_2;
    .scope S_0x15a0220;
T_3 ;
    %delay 5, 0;
    %load/v 11, v0x15bdb70_0, 1;
    %inv 11, 1;
    %set/v v0x15bdb70_0, 11, 1;
    %jmp T_3;
    .thread T_3;
    .scope S_0x15a0220;
T_4 ;
    %set/v v0x15bdb70_0, 0, 1;
    %set/v v0x15bdbf0_0, 1, 1;
    %wait E_0x1587f90;
    %set/v v0x15bdbf0_0, 0, 1;
    %movi 11, 7, 4;
T_4.0 %cmp/s 0, 11, 4;
    %jmp/0xz T_4.1, 5;
    %add 11, 1, 4;
    %wait E_0x1587f90;
    %jmp T_4.0;
T_4.1 ;
    %vpi_call 2 38 "$finish";
    %end;
    .thread T_4;
# The file index is used to find the file name in the following table.
:file_names 4;
    "N/A";
    "<interactive>";
    "testbench.sv";
    "design.sv";
